<?xml version="1.0" encoding="UTF-8"?>
<testsuite name="org.example.MyLibraryTest" tests="1" skipped="0" failures="0" errors="0" timestamp="2018-04-09T08:58:50" hostname="fqcs-MacBook-Pro.local" time="0.006">
  <properties/>
  <testcase name="kotlinLanguage" classname="org.example.MyLibraryTest" time="0.006"/>
  <system-out><![CDATA[]]></system-out>
  <system-err><![CDATA[]]></system-err>
</testsuite>
